\BOOKMARK [1][-]{section*.1}{\376\377\000C\000o\000n\000t\000e\000n\000t\000s}{}% 1
\BOOKMARK [1][-]{section.1}{\376\377\000E\000x\000e\000c\000u\000t\000i\000v\000e\000\040\000S\000u\000m\000m\000a\000r\000y}{}% 2
\BOOKMARK [1][-]{section.2}{\376\377\000S\000y\000s\000t\000e\000m\000\040\000R\000e\000q\000u\000i\000r\000e\000m\000e\000n\000t\000s}{}% 3
\BOOKMARK [2][-]{subsubsection.2.0.1}{\376\377\000M\000a\000n\000u\000a\000l\000\040\000C\000o\000n\000t\000r\000o\000l\000\040\000M\000o\000d\000e}{section.2}% 4
\BOOKMARK [3][-]{subsubsection.2.0.2}{\376\377\000O\000n\000e\000-\000T\000o\000u\000c\000h\000\040\000A\000u\000t\000o\000\040\000M\000o\000d\000e}{subsubsection.2.0.1}% 5
\BOOKMARK [3][-]{subsubsection.2.0.3}{\376\377\000O\000b\000s\000t\000a\000c\000l\000e\000\040\000D\000e\000t\000e\000c\000t\000i\000o\000n\000\040\000\046\000\040\000R\000e\000s\000p\000o\000n\000s\000e}{subsubsection.2.0.1}% 6
\BOOKMARK [3][-]{subsubsection.2.0.4}{\376\377\000P\000r\000i\000o\000r\000i\000t\000y\000\040\000C\000o\000n\000t\000r\000o\000l}{subsubsection.2.0.1}% 7
\BOOKMARK [3][-]{subsubsection.2.0.5}{\376\377\000C\000o\000n\000f\000l\000i\000c\000t\000\040\000R\000e\000s\000o\000l\000u\000t\000i\000o\000n}{subsubsection.2.0.1}% 8
\BOOKMARK [1][-]{section.3}{\376\377\000S\000y\000s\000t\000e\000m\000\040\000A\000r\000c\000h\000i\000t\000e\000c\000t\000u\000r\000e}{}% 9
\BOOKMARK [2][-]{subsection.3.1}{\376\377\000A\000r\000c\000h\000i\000t\000e\000c\000t\000u\000r\000e\000\040\000O\000v\000e\000r\000v\000i\000e\000w}{section.3}% 10
\BOOKMARK [2][-]{subsection.3.2}{\376\377\000T\000a\000s\000k\000\040\000S\000t\000r\000u\000c\000t\000u\000r\000e}{section.3}% 11
\BOOKMARK [2][-]{subsection.3.3}{\376\377\000I\000n\000t\000e\000r\000-\000T\000a\000s\000k\000\040\000C\000o\000m\000m\000u\000n\000i\000c\000a\000t\000i\000o\000n}{section.3}% 12
\BOOKMARK [1][-]{section.4}{\376\377\000F\000i\000n\000i\000t\000e\000\040\000S\000t\000a\000t\000e\000\040\000M\000a\000c\000h\000i\000n\000e\000\040\000D\000e\000s\000i\000g\000n}{}% 13
\BOOKMARK [2][-]{subsection.4.1}{\376\377\000S\000t\000a\000t\000e\000\040\000D\000e\000f\000i\000n\000i\000t\000i\000o\000n\000s}{section.4}% 14
\BOOKMARK [2][-]{subsection.4.2}{\376\377\000E\000v\000e\000n\000t\000\040\000T\000y\000p\000e\000s}{section.4}% 15
\BOOKMARK [1][-]{section.5}{\376\377\000T\000e\000s\000t\000\040\000R\000e\000s\000u\000l\000t\000s}{}% 16
\BOOKMARK [2][-]{subsection.5.1}{\376\377\000T\000e\000s\000t\000\040\000C\000o\000v\000e\000r\000a\000g\000e\000\040\000O\000v\000e\000r\000v\000i\000e\000w}{section.5}% 17
\BOOKMARK [2][-]{subsection.5.2}{\376\377\000M\000a\000s\000t\000e\000r\000\040\000T\000e\000s\000t\000\040\000M\000a\000t\000r\000i\000x}{section.5}% 18
\BOOKMARK [2][-]{subsection.5.3}{\376\377\000P\000r\000o\000o\000f\000\040\000b\000y\000\040\000D\000e\000s\000i\000g\000n}{section.5}% 19
\BOOKMARK [3][-]{subsubsection.5.3.1}{\376\377\000M\000a\000n\000u\000a\000l\000\040\000M\000o\000d\000e\000\040\000C\000o\000n\000t\000r\000o\000l\000\040\000\050\000T\000C\000-\0000\0001\000\040\000t\000o\000\040\000T\000C\000-\0000\0003\000\051}{subsection.5.3}% 20
\BOOKMARK [3][-]{subsubsection.5.3.2}{\376\377\000O\000n\000e\000-\000T\000o\000u\000c\000h\000\040\000A\000u\000t\000o\000\040\000M\000o\000d\000e\000\040\000\050\000T\000C\000-\0000\0004\000\040\000t\000o\000\040\000T\000C\000-\0000\0006\000\051}{subsection.5.3}% 21
\BOOKMARK [3][-]{subsubsection.5.3.3}{\376\377\000O\000b\000s\000t\000a\000c\000l\000e\000\040\000S\000a\000f\000e\000t\000y\000\040\000\050\000T\000C\000-\0000\0007\000\040\000t\000o\000\040\000T\000C\000-\0000\0009\000\051}{subsection.5.3}% 22
\BOOKMARK [3][-]{subsubsection.5.3.4}{\376\377\000L\000i\000m\000i\000t\000\040\000B\000u\000t\000t\000o\000n\000\040\000O\000p\000e\000r\000a\000t\000i\000o\000n\000\040\000\050\000T\000C\000-\0001\0000\000\040\000t\000o\000\040\000T\000C\000-\0001\0002\000\051}{subsection.5.3}% 23
\BOOKMARK [3][-]{subsubsection.5.3.5}{\376\377\000S\000e\000c\000u\000r\000i\000t\000y\000\040\000P\000r\000i\000o\000r\000i\000t\000y\000\040\000\050\000T\000C\000-\0001\0003\000\040\000t\000o\000\040\000T\000C\000-\0001\0004\000\051}{subsection.5.3}% 24
\BOOKMARK [3][-]{subsubsection.5.3.6}{\376\377\000C\000o\000n\000f\000l\000i\000c\000t\000\040\000D\000e\000t\000e\000c\000t\000i\000o\000n\000\040\000\050\000T\000C\000-\0001\0005\000\040\000t\000o\000\040\000T\000C\000-\0001\0006\000\051}{subsection.5.3}% 25
\BOOKMARK [3][-]{subsubsection.5.3.7}{\376\377\000R\000T\000O\000S\000\040\000M\000e\000c\000h\000a\000n\000i\000s\000m\000s\000\040\000\050\000T\000C\000-\0001\0009\000\040\000t\000o\000\040\000T\000C\000-\0002\0001\000\051}{subsection.5.3}% 26
\BOOKMARK [1][-]{section.6}{\376\377\000C\000o\000n\000c\000l\000u\000s\000i\000o\000n}{}% 27
\BOOKMARK [1][-]{appendix.A}{\376\377\000S\000y\000s\000t\000e\000m\000\040\000C\000o\000n\000f\000i\000g\000u\000r\000a\000t\000i\000o\000n\000\040\000P\000a\000r\000a\000m\000e\000t\000e\000r\000s}{}% 28
\BOOKMARK [2][-]{subsection.A.1}{\376\377\000T\000i\000m\000i\000n\000g\000\040\000C\000o\000n\000f\000i\000g\000u\000r\000a\000t\000i\000o\000n}{appendix.A}% 29
\BOOKMARK [2][-]{subsection.A.2}{\376\377\000I\000P\000C\000\040\000R\000e\000s\000o\000u\000r\000c\000e\000\040\000C\000o\000n\000f\000i\000g\000u\000r\000a\000t\000i\000o\000n}{appendix.A}% 30
\BOOKMARK [2][-]{subsection.A.3}{\376\377\000T\000a\000s\000k\000\040\000S\000t\000a\000c\000k\000\040\000A\000l\000l\000o\000c\000a\000t\000i\000o\000n}{appendix.A}% 31
